Alice Cheba:596-2015
Barbara Swingle:598-9257
Billy Bach:331-7618
Liz Taylor:555-1234
Liz Taylor:222-3333
Domino's Pizza:690-4645
Andy Gibb:995-9090
Susan Topple:234-4932
Susan Goldberg:338-7776
Michael Jack:999-4444
Michael Jack:333-2222
Michael Jack:555-1111
Mary Jones:555-1212
========================================================
Alice Cheba
Barbara Swingle
Billy Bach
Liz Taylor
Liz Taylor
Domino's Pizza
Andy Gibb
Susan Topple
Susan Goldberg
Michael Jack
Michael Jack
Michael Jack
Mary Jones
========================================================
Cheba
Swingle
Bach
Taylor
Taylor
Pizza
Gibb
Topple
Goldberg
Jack
Jack
Jack
Jones
========================================================
Alice
Barbara
Billy
Liz
Liz
Domino's
Andy
Susan
Susan
Michael
Michael
Michael
Mary
========================================================
Cheba Alice
Swingle Barbara
Bach Billy
Taylor Liz
Taylor Liz
Pizza Domino's
Gibb Andy
Topple Susan
Goldberg Susan
Jack Michael
Jack Michael
Jack Michael
Jones Mary
========================================================
596-2015
598-9257
331-7618
555-1234
222-3333
690-4645
995-9090
234-4932
338-7776
999-4444
333-2222
555-1111
555-1212
========================================================
Cheba Alice:596-2015
Swingle Barbara:598-9257
Bach Billy:331-7618
Taylor Liz:555-1234
Taylor Liz:222-3333
Pizza Domino's:690-4645
Gibb Andy:995-9090
Topple Susan:234-4932
Goldberg Susan:338-7776
Jack Michael:999-4444
Jack Michael:333-2222
Jack Michael:555-1111
Jones Mary:555-1212
========================================================
Cheba, Alice:596-2015
Swingle, Barbara:598-9257
Bach, Billy:331-7618
Taylor, Liz:555-1234
Taylor, Liz:222-3333
Pizza, Domino's:690-4645
Gibb, Andy:995-9090
Topple, Susan:234-4932
Goldberg, Susan:338-7776
Jack, Michael:999-4444
Jack, Michael:333-2222
Jack, Michael:555-1111
Jones, Mary:555-1212
========================================================
Bach, Billy:331-7618
Cheba, Alice:596-2015
Gibb, Andy:995-9090
Goldberg, Susan:338-7776
Jack, Michael:999-4444
Jack, Michael:555-1111
Jack, Michael:333-2222
Jones, Mary:555-1212
Pizza, Domino's:690-4645
Swingle, Barbara:598-9257
Taylor, Liz:555-1234
Taylor, Liz:222-3333
Topple, Susan:234-4932
========================================================
