  H                  /\      /\                                       
  A                 (  )    (  )                                    
  P                 (   )   (   )                                       
  P                 (   )   (   )                                      
  Y                 (   )   (   )                               
                     (  )___(  )                                         
  E                  ((0)   (0))                                         
  A                 (           )                                      
  S                (   ) \:/ (   )                                   
  T                (    ______   )                                  
  E                 (   \|__|/  )                                    
  R                  ((_______))                                    
                      |__\ /__|                                    
  S                 ((   | |   ))                                    
  U              (((     | |     )))                                  
  N             ((       | |       ))                               
  D             (        \ /        )                               
  A             ((                 ))                            
  Y              (((  ))     ((  )))                            
  !               ((   ))   ((    ))                                 
                 (_)(_)(_)/\(_)(_)(_)                                
Tyler Davies
